;  LST file generated by mikroListExporter - v.2.0 
; Date/Time: 03/11/2015 21:45:02
;----------------------------------------------

;Address Opcode 	ASM
0x0000	0x2A5E      	GOTO       606
_interrupt:
0x0004	0x00FF      	MOVWF      R15
0x0005	0x0E03      	SWAPF      STATUS, 0
0x0006	0x0183      	CLRF       STATUS
0x0007	0x1703      	BSF        STATUS, 6
0x0008	0x0090      	MOVWF      ___saveSTATUS
0x0009	0x080A      	MOVF       PCLATH, 0
0x000A	0x1303      	BCF        STATUS, 6
0x000B	0x00EF      	MOVWF      ___savePCLATH
0x000C	0x018A      	CLRF       PCLATH
0x000D	0x0870      	MOVF       R0, 0
0x000E	0x00A4      	MOVWF      36
0x000F	0x0871      	MOVF       R1, 0
0x0010	0x00A3      	MOVWF      35
0x0011	0x0872      	MOVF       R2, 0
0x0012	0x00A2      	MOVWF      34
0x0013	0x0874      	MOVF       R4, 0
0x0014	0x00A1      	MOVWF      33
0x0015	0x087D      	MOVF       R13, 0
0x0016	0x00A0      	MOVWF      32
0x0017	0x0804      	MOVF       FSR, 0
0x0018	0x00A5      	MOVWF      37
;TrabalhoFinalAmostra.c,20 :: 		void interrupt(void){
;TrabalhoFinalAmostra.c,21 :: 		if (INTCON.TMR0IF ==1) // timer 0 interrupt
0x0019	0x1D0B      	BTFSS      INTCON, 2
0x001A	0x2888      	GOTO       L_interrupt0
;TrabalhoFinalAmostra.c,24 :: 		if(sinal == 0){
0x001B	0x3000      	MOVLW      0
0x001C	0x062B      	XORWF      _sinal+1, 0
0x001D	0x1D03      	BTFSS      STATUS, 2
0x001E	0x2821      	GOTO       L__interrupt27
0x001F	0x3000      	MOVLW      0
0x0020	0x062A      	XORWF      _sinal, 0
L__interrupt27:
0x0021	0x1D03      	BTFSS      STATUS, 2
0x0022	0x2833      	GOTO       L_interrupt1
;TrabalhoFinalAmostra.c,25 :: 		amos1 =  ADC_Read(0);
0x0023	0x1703      	BSF        STATUS, 6
0x0024	0x01A5      	CLRF       FARG_ADC_Read_channel
0x0025	0x21EF      	CALL       _ADC_Read
0x0026	0x0870      	MOVF       R0, 0
0x0027	0x1283      	BCF        STATUS, 5
0x0028	0x00A8      	MOVWF      _amos1
0x0029	0x0871      	MOVF       R0+1, 0
0x002A	0x00A9      	MOVWF      _amos1+1
;TrabalhoFinalAmostra.c,26 :: 		leitura(amos1,'0');
0x002B	0x0870      	MOVF       R0, 0
0x002C	0x1703      	BSF        STATUS, 6
0x002D	0x00A5      	MOVWF      FARG_leitura_valor
0x002E	0x0871      	MOVF       R0+1, 0
0x002F	0x00A6      	MOVWF      FARG_leitura_valor+1
0x0030	0x3030      	MOVLW      48
0x0031	0x00A7      	MOVWF      FARG_leitura_canal
0x0032	0x2215      	CALL       _leitura
;TrabalhoFinalAmostra.c,27 :: 		}
L_interrupt1:
;TrabalhoFinalAmostra.c,29 :: 		if(sinal == 1){
0x0033	0x3000      	MOVLW      0
0x0034	0x062B      	XORWF      _sinal+1, 0
0x0035	0x1D03      	BTFSS      STATUS, 2
0x0036	0x2839      	GOTO       L__interrupt28
0x0037	0x3001      	MOVLW      1
0x0038	0x062A      	XORWF      _sinal, 0
L__interrupt28:
0x0039	0x1D03      	BTFSS      STATUS, 2
0x003A	0x284C      	GOTO       L_interrupt2
;TrabalhoFinalAmostra.c,30 :: 		amos2 =  ADC_Read(1);
0x003B	0x3001      	MOVLW      1
0x003C	0x1703      	BSF        STATUS, 6
0x003D	0x00A5      	MOVWF      FARG_ADC_Read_channel
0x003E	0x21EF      	CALL       _ADC_Read
0x003F	0x0870      	MOVF       R0, 0
0x0040	0x1283      	BCF        STATUS, 5
0x0041	0x00AE      	MOVWF      _amos2
0x0042	0x0871      	MOVF       R0+1, 0
0x0043	0x00AF      	MOVWF      _amos2+1
;TrabalhoFinalAmostra.c,31 :: 		leitura(amos2,'1');
0x0044	0x0870      	MOVF       R0, 0
0x0045	0x1703      	BSF        STATUS, 6
0x0046	0x00A5      	MOVWF      FARG_leitura_valor
0x0047	0x0871      	MOVF       R0+1, 0
0x0048	0x00A6      	MOVWF      FARG_leitura_valor+1
0x0049	0x3031      	MOVLW      49
0x004A	0x00A7      	MOVWF      FARG_leitura_canal
0x004B	0x2215      	CALL       _leitura
;TrabalhoFinalAmostra.c,32 :: 		}
L_interrupt2:
;TrabalhoFinalAmostra.c,34 :: 		if(sinal == 2){
0x004C	0x3000      	MOVLW      0
0x004D	0x062B      	XORWF      _sinal+1, 0
0x004E	0x1D03      	BTFSS      STATUS, 2
0x004F	0x2852      	GOTO       L__interrupt29
0x0050	0x3002      	MOVLW      2
0x0051	0x062A      	XORWF      _sinal, 0
L__interrupt29:
0x0052	0x1D03      	BTFSS      STATUS, 2
0x0053	0x2865      	GOTO       L_interrupt3
;TrabalhoFinalAmostra.c,35 :: 		amos3 =  ADC_Read(2);
0x0054	0x3002      	MOVLW      2
0x0055	0x1703      	BSF        STATUS, 6
0x0056	0x00A5      	MOVWF      FARG_ADC_Read_channel
0x0057	0x21EF      	CALL       _ADC_Read
0x0058	0x0870      	MOVF       R0, 0
0x0059	0x1283      	BCF        STATUS, 5
0x005A	0x00AC      	MOVWF      _amos3
0x005B	0x0871      	MOVF       R0+1, 0
0x005C	0x00AD      	MOVWF      _amos3+1
;TrabalhoFinalAmostra.c,36 :: 		leitura(amos3,'2');
0x005D	0x0870      	MOVF       R0, 0
0x005E	0x1703      	BSF        STATUS, 6
0x005F	0x00A5      	MOVWF      FARG_leitura_valor
0x0060	0x0871      	MOVF       R0+1, 0
0x0061	0x00A6      	MOVWF      FARG_leitura_valor+1
0x0062	0x3032      	MOVLW      50
0x0063	0x00A7      	MOVWF      FARG_leitura_canal
0x0064	0x2215      	CALL       _leitura
;TrabalhoFinalAmostra.c,37 :: 		}
L_interrupt3:
;TrabalhoFinalAmostra.c,39 :: 		if(sinal == 3){
0x0065	0x3000      	MOVLW      0
0x0066	0x062B      	XORWF      _sinal+1, 0
0x0067	0x1D03      	BTFSS      STATUS, 2
0x0068	0x286B      	GOTO       L__interrupt30
0x0069	0x3003      	MOVLW      3
0x006A	0x062A      	XORWF      _sinal, 0
L__interrupt30:
0x006B	0x1D03      	BTFSS      STATUS, 2
0x006C	0x2881      	GOTO       L_interrupt4
;TrabalhoFinalAmostra.c,40 :: 		amos4 =  ADC_Read(3);
0x006D	0x3003      	MOVLW      3
0x006E	0x1703      	BSF        STATUS, 6
0x006F	0x00A5      	MOVWF      FARG_ADC_Read_channel
0x0070	0x21EF      	CALL       _ADC_Read
0x0071	0x0870      	MOVF       R0, 0
0x0072	0x1283      	BCF        STATUS, 5
0x0073	0x00A6      	MOVWF      _amos4
0x0074	0x0871      	MOVF       R0+1, 0
0x0075	0x00A7      	MOVWF      _amos4+1
;TrabalhoFinalAmostra.c,41 :: 		leitura(amos4,'3');
0x0076	0x0870      	MOVF       R0, 0
0x0077	0x1703      	BSF        STATUS, 6
0x0078	0x00A5      	MOVWF      FARG_leitura_valor
0x0079	0x0871      	MOVF       R0+1, 0
0x007A	0x00A6      	MOVWF      FARG_leitura_valor+1
0x007B	0x3033      	MOVLW      51
0x007C	0x00A7      	MOVWF      FARG_leitura_canal
0x007D	0x2215      	CALL       _leitura
;TrabalhoFinalAmostra.c,42 :: 		sinal = 0;
0x007E	0x01AA      	CLRF       _sinal
0x007F	0x01AB      	CLRF       _sinal+1
;TrabalhoFinalAmostra.c,43 :: 		}else{
0x0080	0x2884      	GOTO       L_interrupt5
L_interrupt4:
;TrabalhoFinalAmostra.c,44 :: 		sinal++;
0x0081	0x0AAA      	INCF       _sinal, 1
0x0082	0x1903      	BTFSC      STATUS, 2
0x0083	0x0AAB      	INCF       _sinal+1, 1
;TrabalhoFinalAmostra.c,45 :: 		}
L_interrupt5:
;TrabalhoFinalAmostra.c,47 :: 		INTCON.TMR0IE = 1;
0x0084	0x168B      	BSF        INTCON, 5
;TrabalhoFinalAmostra.c,48 :: 		INTCON.TMR0IF = 0;   // clear the flag
0x0085	0x110B      	BCF        INTCON, 2
;TrabalhoFinalAmostra.c,49 :: 		TMR0 = 186;
0x0086	0x30BA      	MOVLW      186
0x0087	0x0081      	MOVWF      TMR0
;TrabalhoFinalAmostra.c,50 :: 		}
L_interrupt0:
;TrabalhoFinalAmostra.c,51 :: 		}
L_end_interrupt:
L__interrupt26:
0x0088	0x0824      	MOVF       36, 0
0x0089	0x00F0      	MOVWF      R0
0x008A	0x0823      	MOVF       35, 0
0x008B	0x00F1      	MOVWF      R1
0x008C	0x0822      	MOVF       34, 0
0x008D	0x00F2      	MOVWF      R2
0x008E	0x0821      	MOVF       33, 0
0x008F	0x00F4      	MOVWF      R4
0x0090	0x0820      	MOVF       32, 0
0x0091	0x00FD      	MOVWF      R13
0x0092	0x0825      	MOVF       37, 0
0x0093	0x0084      	MOVWF      FSR
0x0094	0x086F      	MOVF       ___savePCLATH, 0
0x0095	0x008A      	MOVWF      PCLATH
0x0096	0x1703      	BSF        STATUS, 6
0x0097	0x0E10      	SWAPF      ___saveSTATUS, 0
0x0098	0x0083      	MOVWF      STATUS
0x0099	0x0EFF      	SWAPF      R15, 1
0x009A	0x0E7F      	SWAPF      R15, 0
0x009B	0x0009      	RETFIE
; end of _interrupt
_Div_16x16_U:
;__Lib_Math.c,215 :: 		
;__Lib_Math.c,222 :: 		
0x009C	0x1283      	BCF        STATUS, 5
;__Lib_Math.c,223 :: 		
0x009D	0x1303      	BCF        STATUS, 6
;__Lib_Math.c,224 :: 		
0x009E	0x01F8      	CLRF       R8
;__Lib_Math.c,225 :: 		
0x009F	0x01F9      	CLRF       R9
;__Lib_Math.c,226 :: 		
0x00A0	0x3010      	MOVLW      16
;__Lib_Math.c,227 :: 		
0x00A1	0x00FC      	MOVWF      R12
;__Lib_Math.c,228 :: 		
0x00A2	0x0D71      	RLF        R1, 0
;__Lib_Math.c,229 :: 		
0x00A3	0x0DF8      	RLF        R8, 1
;__Lib_Math.c,230 :: 		
0x00A4	0x0DF9      	RLF        R9, 1
;__Lib_Math.c,231 :: 		
0x00A5	0x0874      	MOVF       R4, 0
;__Lib_Math.c,232 :: 		
0x00A6	0x02F8      	SUBWF      R8, 1
;__Lib_Math.c,233 :: 		
0x00A7	0x0875      	MOVF       R5, 0
;__Lib_Math.c,234 :: 		
0x00A8	0x1C03      	BTFSS      STATUS, 0
;__Lib_Math.c,235 :: 		
0x00A9	0x0F75      	INCFSZ     R5, 0
;__Lib_Math.c,236 :: 		
0x00AA	0x02F9      	SUBWF      R9, 1
;__Lib_Math.c,237 :: 		
0x00AB	0x1803      	BTFSC      STATUS, 0
;__Lib_Math.c,238 :: 		
0x00AC	0x28B4      	GOTO       $+8
;__Lib_Math.c,239 :: 		
0x00AD	0x0874      	MOVF       R4, 0
;__Lib_Math.c,240 :: 		
0x00AE	0x07F8      	ADDWF      R8, 1
;__Lib_Math.c,241 :: 		
0x00AF	0x0875      	MOVF       R5, 0
;__Lib_Math.c,242 :: 		
0x00B0	0x1803      	BTFSC      STATUS, 0
;__Lib_Math.c,243 :: 		
0x00B1	0x0F75      	INCFSZ     R5, 0
;__Lib_Math.c,244 :: 		
0x00B2	0x07F9      	ADDWF      R9, 1
;__Lib_Math.c,245 :: 		
0x00B3	0x1003      	BCF        STATUS, 0
;__Lib_Math.c,246 :: 		
0x00B4	0x0DF0      	RLF        R0, 1
;__Lib_Math.c,247 :: 		
0x00B5	0x0DF1      	RLF        R1, 1
;__Lib_Math.c,248 :: 		
0x00B6	0x0BFC      	DECFSZ     R12, 1
;__Lib_Math.c,249 :: 		
0x00B7	0x28A2      	GOTO       $-21
;__Lib_Math.c,251 :: 		
L_end_Div_16x16_U:
0x00B8	0x0008      	RETURN
; end of _Div_16x16_U
_UART1_Write:
;__Lib_UART_c67.c,39 :: 		
;__Lib_UART_c67.c,40 :: 		
L_UART1_Write3:
0x00B9	0x1683      	BSF        STATUS, 5
0x00BA	0x1303      	BCF        STATUS, 6
0x00BB	0x1898      	BTFSC      TXSTA, 1
0x00BC	0x28BF      	GOTO       L_UART1_Write4
;__Lib_UART_c67.c,41 :: 		
0x00BD	0x0000      	NOP
0x00BE	0x28B9      	GOTO       L_UART1_Write3
L_UART1_Write4:
;__Lib_UART_c67.c,42 :: 		
0x00BF	0x1283      	BCF        STATUS, 5
0x00C0	0x1703      	BSF        STATUS, 6
0x00C1	0x0820      	MOVF       FARG_UART1_Write_data_, 0
0x00C2	0x1303      	BCF        STATUS, 6
0x00C3	0x0099      	MOVWF      TXREG
;__Lib_UART_c67.c,43 :: 		
L_end_UART1_Write:
0x00C4	0x0008      	RETURN
; end of _UART1_Write
_WordToStr:
;__Lib_Conversions.c,84 :: 		
;__Lib_Conversions.c,89 :: 		
0x00C5	0x1283      	BCF        STATUS, 5
0x00C6	0x1703      	BSF        STATUS, 6
0x00C7	0x01A3      	CLRF       WordToStr_len_L0
L_WordToStr6:
0x00C8	0x3005      	MOVLW      5
0x00C9	0x0223      	SUBWF      WordToStr_len_L0, 0
0x00CA	0x1803      	BTFSC      STATUS, 0
0x00CB	0x28D3      	GOTO       L_WordToStr7
;__Lib_Conversions.c,90 :: 		
0x00CC	0x0823      	MOVF       WordToStr_len_L0, 0
0x00CD	0x0722      	ADDWF      FARG_WordToStr_output, 0
0x00CE	0x0084      	MOVWF      FSR
0x00CF	0x3020      	MOVLW      32
0x00D0	0x0080      	MOVWF      INDF
;__Lib_Conversions.c,89 :: 		
0x00D1	0x0AA3      	INCF       WordToStr_len_L0, 1
;__Lib_Conversions.c,90 :: 		
0x00D2	0x28C8      	GOTO       L_WordToStr6
L_WordToStr7:
;__Lib_Conversions.c,91 :: 		
0x00D3	0x0823      	MOVF       WordToStr_len_L0, 0
0x00D4	0x0722      	ADDWF      FARG_WordToStr_output, 0
0x00D5	0x0084      	MOVWF      FSR
0x00D6	0x0180      	CLRF       INDF
0x00D7	0x03A3      	DECF       WordToStr_len_L0, 1
;__Lib_Conversions.c,93 :: 		
L_WordToStr9:
;__Lib_Conversions.c,94 :: 		
0x00D8	0x0823      	MOVF       WordToStr_len_L0, 0
0x00D9	0x0722      	ADDWF      FARG_WordToStr_output, 0
0x00DA	0x00A4      	MOVWF      FLOC__WordToStr
0x00DB	0x300A      	MOVLW      10
0x00DC	0x00F4      	MOVWF      R4
0x00DD	0x01F5      	CLRF       R4+1
0x00DE	0x0820      	MOVF       FARG_WordToStr_input, 0
0x00DF	0x00F0      	MOVWF      R0
0x00E0	0x0821      	MOVF       FARG_WordToStr_input+1, 0
0x00E1	0x00F1      	MOVWF      R0+1
0x00E2	0x209C      	CALL       _Div_16x16_U
0x00E3	0x0878      	MOVF       R8, 0
0x00E4	0x00F0      	MOVWF      R0
0x00E5	0x0879      	MOVF       R8+1, 0
0x00E6	0x00F1      	MOVWF      R0+1
0x00E7	0x3030      	MOVLW      48
0x00E8	0x07F0      	ADDWF      R0, 1
0x00E9	0x1703      	BSF        STATUS, 6
0x00EA	0x0824      	MOVF       FLOC__WordToStr, 0
0x00EB	0x0084      	MOVWF      FSR
0x00EC	0x0870      	MOVF       R0, 0
0x00ED	0x0080      	MOVWF      INDF
;__Lib_Conversions.c,95 :: 		
0x00EE	0x300A      	MOVLW      10
0x00EF	0x00F4      	MOVWF      R4
0x00F0	0x01F5      	CLRF       R4+1
0x00F1	0x0820      	MOVF       FARG_WordToStr_input, 0
0x00F2	0x00F0      	MOVWF      R0
0x00F3	0x0821      	MOVF       FARG_WordToStr_input+1, 0
0x00F4	0x00F1      	MOVWF      R0+1
0x00F5	0x209C      	CALL       _Div_16x16_U
0x00F6	0x0870      	MOVF       R0, 0
0x00F7	0x1703      	BSF        STATUS, 6
0x00F8	0x00A0      	MOVWF      FARG_WordToStr_input
0x00F9	0x0871      	MOVF       R0+1, 0
0x00FA	0x00A1      	MOVWF      FARG_WordToStr_input+1
;__Lib_Conversions.c,96 :: 		
0x00FB	0x3000      	MOVLW      0
0x00FC	0x0671      	XORWF      R0+1, 0
0x00FD	0x1D03      	BTFSS      STATUS, 2
0x00FE	0x2901      	GOTO       L__WordToStr109
0x00FF	0x3000      	MOVLW      0
0x0100	0x0670      	XORWF      R0, 0
L__WordToStr109:
0x0101	0x1D03      	BTFSS      STATUS, 2
0x0102	0x2904      	GOTO       L_WordToStr11
;__Lib_Conversions.c,97 :: 		
0x0103	0x2906      	GOTO       L_WordToStr10
L_WordToStr11:
;__Lib_Conversions.c,98 :: 		
0x0104	0x03A3      	DECF       WordToStr_len_L0, 1
;__Lib_Conversions.c,99 :: 		
0x0105	0x28D8      	GOTO       L_WordToStr9
L_WordToStr10:
;__Lib_Conversions.c,100 :: 		
L_end_WordToStr:
0x0106	0x0008      	RETURN
; end of _WordToStr
_Delay_22us:
;__Lib_Delays.c,15 :: 		void Delay_22us() {
;__Lib_Delays.c,16 :: 		Delay_us(22);
0x0107	0x300E      	MOVLW      14
0x0108	0x1283      	BCF        STATUS, 5
0x0109	0x1303      	BCF        STATUS, 6
0x010A	0x00FD      	MOVWF      R13
L_Delay_22us1:
0x010B	0x0BFD      	DECFSZ     R13, 1
0x010C	0x290B      	GOTO       L_Delay_22us1
0x010D	0x0000      	NOP
;__Lib_Delays.c,17 :: 		}
L_end_Delay_22us:
0x010E	0x0008      	RETURN
; end of _Delay_22us
_____DoICP:
;__Lib_System.c,6 :: 		
;__Lib_System.c,9 :: 		
0x010F	0x1283      	BCF        STATUS, 5
0x0110	0x1303      	BCF        STATUS, 6
0x0111	0x0865      	MOVF       ___DoICPAddr+1, 0
0x0112	0x008A      	MOVWF      PCLATH
;__Lib_System.c,10 :: 		
0x0113	0x0864      	MOVF       ___DoICPAddr, 0
0x0114	0x0082      	MOVWF      PCL
;__Lib_System.c,12 :: 		
L_end_____DoICP:
0x0115	0x0008      	RETURN
; end of _____DoICP
_IntToStr:
;__Lib_Conversions.c,146 :: 		
;__Lib_Conversions.c,152 :: 		
0x0116	0x1283      	BCF        STATUS, 5
0x0117	0x1703      	BSF        STATUS, 6
0x0118	0x019C      	CLRF       IntToStr_negative_L0
0x0119	0x019D      	CLRF       IntToStr_negative_L0+1
;__Lib_Conversions.c,153 :: 		
0x011A	0x0817      	MOVF       FARG_IntToStr_input, 0
0x011B	0x009E      	MOVWF      IntToStr_inword_L0
0x011C	0x0818      	MOVF       FARG_IntToStr_input+1, 0
0x011D	0x009F      	MOVWF      IntToStr_inword_L0+1
;__Lib_Conversions.c,154 :: 		
0x011E	0x3080      	MOVLW      128
0x011F	0x0618      	XORWF      FARG_IntToStr_input+1, 0
0x0120	0x00F0      	MOVWF      R0
0x0121	0x3080      	MOVLW      128
0x0122	0x0270      	SUBWF      R0, 0
0x0123	0x1D03      	BTFSS      STATUS, 2
0x0124	0x2927      	GOTO       L__IntToStr115
0x0125	0x3000      	MOVLW      0
0x0126	0x0217      	SUBWF      FARG_IntToStr_input, 0
L__IntToStr115:
0x0127	0x1803      	BTFSC      STATUS, 0
0x0128	0x2935      	GOTO       L_IntToStr23
;__Lib_Conversions.c,155 :: 		
0x0129	0x3001      	MOVLW      1
0x012A	0x009C      	MOVWF      IntToStr_negative_L0
0x012B	0x3000      	MOVLW      0
0x012C	0x009D      	MOVWF      IntToStr_negative_L0+1
;__Lib_Conversions.c,156 :: 		
0x012D	0x0817      	MOVF       FARG_IntToStr_input, 0
0x012E	0x3C00      	SUBLW      0
0x012F	0x009E      	MOVWF      IntToStr_inword_L0
0x0130	0x0818      	MOVF       FARG_IntToStr_input+1, 0
0x0131	0x1C03      	BTFSS      STATUS, 0
0x0132	0x3E01      	ADDLW      1
0x0133	0x019F      	CLRF       IntToStr_inword_L0+1
0x0134	0x029F      	SUBWF      IntToStr_inword_L0+1, 1
;__Lib_Conversions.c,157 :: 		
L_IntToStr23:
;__Lib_Conversions.c,158 :: 		
0x0135	0x081E      	MOVF       IntToStr_inword_L0, 0
0x0136	0x00A0      	MOVWF      FARG_WordToStr_input
0x0137	0x081F      	MOVF       IntToStr_inword_L0+1, 0
0x0138	0x00A1      	MOVWF      FARG_WordToStr_input+1
0x0139	0x0819      	MOVF       FARG_IntToStr_output, 0
0x013A	0x00A2      	MOVWF      FARG_WordToStr_output
0x013B	0x20C5      	CALL       _WordToStr
;__Lib_Conversions.c,160 :: 		
0x013C	0x3006      	MOVLW      6
0x013D	0x009A      	MOVWF      IntToStr_i_L0
0x013E	0x3000      	MOVLW      0
0x013F	0x009B      	MOVWF      IntToStr_i_L0+1
;__Lib_Conversions.c,161 :: 		
L_IntToStr24:
0x0140	0x081B      	MOVF       IntToStr_i_L0+1, 0
0x0141	0x3C00      	SUBLW      0
0x0142	0x1D03      	BTFSS      STATUS, 2
0x0143	0x2946      	GOTO       L__IntToStr116
0x0144	0x081A      	MOVF       IntToStr_i_L0, 0
0x0145	0x3C00      	SUBLW      0
L__IntToStr116:
0x0146	0x1803      	BTFSC      STATUS, 0
0x0147	0x2961      	GOTO       L_IntToStr25
;__Lib_Conversions.c,162 :: 		
0x0148	0x081A      	MOVF       IntToStr_i_L0, 0
0x0149	0x0719      	ADDWF      FARG_IntToStr_output, 0
0x014A	0x00F2      	MOVWF      R2
0x014B	0x3001      	MOVLW      1
0x014C	0x021A      	SUBWF      IntToStr_i_L0, 0
0x014D	0x00F0      	MOVWF      R0
0x014E	0x3000      	MOVLW      0
0x014F	0x1C03      	BTFSS      STATUS, 0
0x0150	0x3E01      	ADDLW      1
0x0151	0x021B      	SUBWF      IntToStr_i_L0+1, 0
0x0152	0x00F1      	MOVWF      R0+1
0x0153	0x0870      	MOVF       R0, 0
0x0154	0x0719      	ADDWF      FARG_IntToStr_output, 0
0x0155	0x0084      	MOVWF      FSR
0x0156	0x0800      	MOVF       INDF, 0
0x0157	0x00F0      	MOVWF      R0
0x0158	0x0872      	MOVF       R2, 0
0x0159	0x0084      	MOVWF      FSR
0x015A	0x0870      	MOVF       R0, 0
0x015B	0x0080      	MOVWF      INDF
;__Lib_Conversions.c,163 :: 		
0x015C	0x3001      	MOVLW      1
0x015D	0x029A      	SUBWF      IntToStr_i_L0, 1
0x015E	0x1C03      	BTFSS      STATUS, 0
0x015F	0x039B      	DECF       IntToStr_i_L0+1, 1
;__Lib_Conversions.c,164 :: 		
0x0160	0x2940      	GOTO       L_IntToStr24
L_IntToStr25:
;__Lib_Conversions.c,165 :: 		
0x0161	0x0819      	MOVF       FARG_IntToStr_output, 0
0x0162	0x0084      	MOVWF      FSR
0x0163	0x3020      	MOVLW      32
0x0164	0x0080      	MOVWF      INDF
;__Lib_Conversions.c,166 :: 		
0x0165	0x081C      	MOVF       IntToStr_negative_L0, 0
0x0166	0x041D      	IORWF      IntToStr_negative_L0+1, 0
0x0167	0x1903      	BTFSC      STATUS, 2
0x0168	0x297F      	GOTO       L_IntToStr26
;__Lib_Conversions.c,167 :: 		
0x0169	0x019A      	CLRF       IntToStr_i_L0
0x016A	0x019B      	CLRF       IntToStr_i_L0+1
;__Lib_Conversions.c,168 :: 		
L_IntToStr27:
0x016B	0x081A      	MOVF       IntToStr_i_L0, 0
0x016C	0x0719      	ADDWF      FARG_IntToStr_output, 0
0x016D	0x0084      	MOVWF      FSR
0x016E	0x0800      	MOVF       INDF, 0
0x016F	0x3A20      	XORLW      32
0x0170	0x1D03      	BTFSS      STATUS, 2
0x0171	0x2976      	GOTO       L_IntToStr28
0x0172	0x0A9A      	INCF       IntToStr_i_L0, 1
0x0173	0x1903      	BTFSC      STATUS, 2
0x0174	0x0A9B      	INCF       IntToStr_i_L0+1, 1
0x0175	0x296B      	GOTO       L_IntToStr27
L_IntToStr28:
;__Lib_Conversions.c,169 :: 		
0x0176	0x3001      	MOVLW      1
0x0177	0x029A      	SUBWF      IntToStr_i_L0, 1
0x0178	0x1C03      	BTFSS      STATUS, 0
0x0179	0x039B      	DECF       IntToStr_i_L0+1, 1
;__Lib_Conversions.c,170 :: 		
0x017A	0x081A      	MOVF       IntToStr_i_L0, 0
0x017B	0x0719      	ADDWF      FARG_IntToStr_output, 0
0x017C	0x0084      	MOVWF      FSR
0x017D	0x302D      	MOVLW      45
0x017E	0x0080      	MOVWF      INDF
L_IntToStr26:
;__Lib_Conversions.c,171 :: 		
L_end_IntToStr:
0x017F	0x0008      	RETURN
; end of _IntToStr
_UART1_Write_Text:
;__Lib_UART_c67.c,47 :: 		
;__Lib_UART_c67.c,48 :: 		
0x0180	0x1283      	BCF        STATUS, 5
0x0181	0x1703      	BSF        STATUS, 6
0x0182	0x0199      	CLRF       UART1_Write_Text_counter_L0
;__Lib_UART_c67.c,50 :: 		
0x0183	0x0817      	MOVF       FARG_UART1_Write_Text_uart_text, 0
0x0184	0x0084      	MOVWF      FSR
0x0185	0x0800      	MOVF       INDF, 0
0x0186	0x0098      	MOVWF      UART1_Write_Text_data__L0
;__Lib_UART_c67.c,51 :: 		
L_UART1_Write_Text5:
0x0187	0x0818      	MOVF       UART1_Write_Text_data__L0, 0
0x0188	0x3A00      	XORLW      0
0x0189	0x1903      	BTFSC      STATUS, 2
0x018A	0x2996      	GOTO       L_UART1_Write_Text6
;__Lib_UART_c67.c,52 :: 		
0x018B	0x0818      	MOVF       UART1_Write_Text_data__L0, 0
0x018C	0x00A0      	MOVWF      FARG_UART1_Write_data_
0x018D	0x20B9      	CALL       _UART1_Write
;__Lib_UART_c67.c,53 :: 		
0x018E	0x1703      	BSF        STATUS, 6
0x018F	0x0A99      	INCF       UART1_Write_Text_counter_L0, 1
;__Lib_UART_c67.c,54 :: 		
0x0190	0x0819      	MOVF       UART1_Write_Text_counter_L0, 0
0x0191	0x0717      	ADDWF      FARG_UART1_Write_Text_uart_text, 0
0x0192	0x0084      	MOVWF      FSR
0x0193	0x0800      	MOVF       INDF, 0
0x0194	0x0098      	MOVWF      UART1_Write_Text_data__L0
;__Lib_UART_c67.c,55 :: 		
0x0195	0x2987      	GOTO       L_UART1_Write_Text5
L_UART1_Write_Text6:
;__Lib_UART_c67.c,56 :: 		
L_end_UART1_Write_Text:
0x0196	0x0008      	RETURN
; end of _UART1_Write_Text
_enviarMensagem:
;TrabalhoFinalAmostra.c,118 :: 		void enviarMensagem(int pos){
;TrabalhoFinalAmostra.c,119 :: 		UART1_Write('<');
0x0197	0x303C      	MOVLW      60
0x0198	0x1283      	BCF        STATUS, 5
0x0199	0x1703      	BSF        STATUS, 6
0x019A	0x00A0      	MOVWF      FARG_UART1_Write_data_
0x019B	0x20B9      	CALL       _UART1_Write
;TrabalhoFinalAmostra.c,120 :: 		UART1_Write(bufferCanal[pos]);
0x019C	0x1703      	BSF        STATUS, 6
0x019D	0x0815      	MOVF       FARG_enviarMensagem_pos, 0
0x019E	0x3E32      	ADDLW      _bufferCanal
0x019F	0x0084      	MOVWF      FSR
0x01A0	0x0800      	MOVF       INDF, 0
0x01A1	0x00A0      	MOVWF      FARG_UART1_Write_data_
0x01A2	0x20B9      	CALL       _UART1_Write
;TrabalhoFinalAmostra.c,121 :: 		UART1_Write(';');
0x01A3	0x303B      	MOVLW      59
0x01A4	0x1703      	BSF        STATUS, 6
0x01A5	0x00A0      	MOVWF      FARG_UART1_Write_data_
0x01A6	0x20B9      	CALL       _UART1_Write
;TrabalhoFinalAmostra.c,122 :: 		IntToStr(bufferLeitura[pos], msg);
0x01A7	0x1703      	BSF        STATUS, 6
0x01A8	0x0815      	MOVF       FARG_enviarMensagem_pos, 0
0x01A9	0x00F0      	MOVWF      R0
0x01AA	0x0816      	MOVF       FARG_enviarMensagem_pos+1, 0
0x01AB	0x00F1      	MOVWF      R0+1
0x01AC	0x0DF0      	RLF        R0, 1
0x01AD	0x0DF1      	RLF        R0+1, 1
0x01AE	0x1070      	BCF        R0, 0
0x01AF	0x0870      	MOVF       R0, 0
0x01B0	0x3EA0      	ADDLW      _bufferLeitura
0x01B1	0x0084      	MOVWF      FSR
0x01B2	0x0800      	MOVF       INDF, 0
0x01B3	0x0097      	MOVWF      FARG_IntToStr_input
0x01B4	0x0A84      	INCF       FSR, 1
0x01B5	0x0800      	MOVF       INDF, 0
0x01B6	0x0098      	MOVWF      FARG_IntToStr_input+1
0x01B7	0x305A      	MOVLW      _msg
0x01B8	0x0099      	MOVWF      FARG_IntToStr_output
0x01B9	0x2116      	CALL       _IntToStr
;TrabalhoFinalAmostra.c,123 :: 		UART1_Write_Text(msg);
0x01BA	0x305A      	MOVLW      _msg
0x01BB	0x0097      	MOVWF      FARG_UART1_Write_Text_uart_text
0x01BC	0x2180      	CALL       _UART1_Write_Text
;TrabalhoFinalAmostra.c,124 :: 		UART1_Write(';');
0x01BD	0x303B      	MOVLW      59
0x01BE	0x00A0      	MOVWF      FARG_UART1_Write_data_
0x01BF	0x20B9      	CALL       _UART1_Write
;TrabalhoFinalAmostra.c,125 :: 		}
L_end_enviarMensagem:
0x01C0	0x0008      	RETURN
; end of _enviarMensagem
_ADC_Init:
;__Lib_ADC_A_C.c,9 :: 		
;__Lib_ADC_A_C.c,10 :: 		
0x01C1	0x30FF      	MOVLW      _ADC_Get_Sample
0x01C2	0x1283      	BCF        STATUS, 5
0x01C3	0x1303      	BCF        STATUS, 6
0x01C4	0x00EC      	MOVWF      _ADC_Get_Sample_Ptr
0x01C5	0x30FF      	MOVLW      hi_addr(_ADC_Get_Sample)
0x01C6	0x00ED      	MOVWF      _ADC_Get_Sample_Ptr+1
0x01C7	0x30FF      	MOVLW      FARG_ADC_Get_Sample_channel
0x01C8	0x00EE      	MOVWF      _ADC_Get_Sample_Ptr+2
0x01C9	0x30FF      	MOVLW      hi_addr(FARG_ADC_Get_Sample_channel)
;__Lib_ADC_A_C.c,12 :: 		
0x01CA	0x019F      	CLRF       ADCON0
;__Lib_ADC_A_C.c,13 :: 		
0x01CB	0x30C0      	MOVLW      192
0x01CC	0x049F      	IORWF      ADCON0, 1
;__Lib_ADC_A_C.c,14 :: 		
0x01CD	0x1683      	BSF        STATUS, 5
0x01CE	0x171F      	BSF        ADCON1, 6
;__Lib_ADC_A_C.c,15 :: 		
0x01CF	0x179F      	BSF        ADCON1, 7
;__Lib_ADC_A_C.c,18 :: 		
0x01D0	0x1283      	BCF        STATUS, 5
0x01D1	0x141F      	BSF        ADCON0, 0
;__Lib_ADC_A_C.c,19 :: 		
L_end_ADC_Init:
0x01D2	0x0008      	RETURN
; end of _ADC_Init
___CC2DW:
;__Lib_System.c,134 :: 		
;__Lib_System.c,137 :: 		
_CC2D_Loop1:
;__Lib_System.c,139 :: 		
0x01D3	0x210F      	CALL       _____DoICP
0x01D4	0x118A      	BCF        PCLATH, 3
0x01D5	0x120A      	BCF        PCLATH, 4
;__Lib_System.c,141 :: 		
0x01D6	0x0080      	MOVWF      INDF
;__Lib_System.c,142 :: 		
0x01D7	0x0A84      	INCF       FSR, 1
;__Lib_System.c,143 :: 		
0x01D8	0x0AE4      	INCF       ___DoICPAddr, 1
;__Lib_System.c,145 :: 		
0x01D9	0x1903      	BTFSC      STATUS, 2
;__Lib_System.c,146 :: 		
0x01DA	0x0AE5      	INCF       ___DoICPAddr+1, 1
;__Lib_System.c,147 :: 		
0x01DB	0x03F0      	DECF       R0, 1
;__Lib_System.c,149 :: 		
0x01DC	0x1D03      	BTFSS      STATUS, 2
;__Lib_System.c,150 :: 		
0x01DD	0x29D3      	GOTO       _CC2D_Loop1
;__Lib_System.c,152 :: 		
L_end___CC2DW:
0x01DE	0x0008      	RETURN
; end of ___CC2DW
_UART1_Init:
;__Lib_UART_c67.c,2 :: 		
;__Lib_UART_c67.c,5 :: 		
0x01DF	0x1683      	BSF        STATUS, 5
0x01E0	0x1303      	BCF        STATUS, 6
0x01E1	0x1698      	BSF        TXSTA, 5
;__Lib_UART_c67.c,6 :: 		
0x01E2	0x3090      	MOVLW      144
0x01E3	0x1283      	BCF        STATUS, 5
0x01E4	0x0098      	MOVWF      RCSTA
;__Lib_UART_c67.c,7 :: 		
0x01E5	0x1683      	BSF        STATUS, 5
0x01E6	0x1787      	BSF        TRISC7_bit, BitPos(TRISC7_bit+0)
;__Lib_UART_c67.c,8 :: 		
0x01E7	0x1307      	BCF        TRISC6_bit, BitPos(TRISC6_bit+0)
;__Lib_UART_c67.c,10 :: 		
L_UART1_Init0:
0x01E8	0x1283      	BCF        STATUS, 5
0x01E9	0x1E8C      	BTFSS      PIR1, 5
0x01EA	0x29EE      	GOTO       L_UART1_Init1
;__Lib_UART_c67.c,11 :: 		
0x01EB	0x081A      	MOVF       RCREG, 0
0x01EC	0x00F0      	MOVWF      R0
0x01ED	0x29E8      	GOTO       L_UART1_Init0
L_UART1_Init1:
;__Lib_UART_c67.c,12 :: 		
L_end_UART1_Init:
0x01EE	0x0008      	RETURN
; end of _UART1_Init
_ADC_Read:
;__Lib_ADC_A_C.c,45 :: 		
;__Lib_ADC_A_C.c,47 :: 		
0x01EF	0x1283      	BCF        STATUS, 5
0x01F0	0x1303      	BCF        STATUS, 6
0x01F1	0x019F      	CLRF       ADCON0
;__Lib_ADC_A_C.c,48 :: 		
0x01F2	0x30C0      	MOVLW      192
0x01F3	0x049F      	IORWF      ADCON0, 1
;__Lib_ADC_A_C.c,49 :: 		
0x01F4	0x1683      	BSF        STATUS, 5
0x01F5	0x171F      	BSF        ADCON1, 6
;__Lib_ADC_A_C.c,50 :: 		
0x01F6	0x179F      	BSF        ADCON1, 7
;__Lib_ADC_A_C.c,51 :: 		
0x01F7	0x1283      	BCF        STATUS, 5
0x01F8	0x1703      	BSF        STATUS, 6
0x01F9	0x0825      	MOVF       FARG_ADC_Read_channel, 0
0x01FA	0x00F0      	MOVWF      R0
0x01FB	0x0DF0      	RLF        R0, 1
0x01FC	0x1070      	BCF        R0, 0
0x01FD	0x0DF0      	RLF        R0, 1
0x01FE	0x1070      	BCF        R0, 0
0x01FF	0x0DF0      	RLF        R0, 1
0x0200	0x1070      	BCF        R0, 0
0x0201	0x0870      	MOVF       R0, 0
0x0202	0x1303      	BCF        STATUS, 6
0x0203	0x049F      	IORWF      ADCON0, 1
;__Lib_ADC_A_C.c,54 :: 		
0x0204	0x141F      	BSF        ADCON0, 0
;__Lib_ADC_A_C.c,57 :: 		
0x0205	0x2107      	CALL       _Delay_22us
;__Lib_ADC_A_C.c,60 :: 		
0x0206	0x151F      	BSF        ADCON0, 2
;__Lib_ADC_A_C.c,63 :: 		
L_ADC_Read2:
0x0207	0x1D1F      	BTFSS      ADCON0, 2
0x0208	0x2A0B      	GOTO       L_ADC_Read3
;__Lib_ADC_A_C.c,64 :: 		
0x0209	0x0000      	NOP
0x020A	0x2A07      	GOTO       L_ADC_Read2
L_ADC_Read3:
;__Lib_ADC_A_C.c,67 :: 		
0x020B	0x101F      	BCF        ADCON0, 0
;__Lib_ADC_A_C.c,70 :: 		
0x020C	0x081E      	MOVF       ADRESH, 0
0x020D	0x00F1      	MOVWF      R0+1
0x020E	0x01F0      	CLRF       R0
0x020F	0x1683      	BSF        STATUS, 5
0x0210	0x081E      	MOVF       ADRESL, 0
0x0211	0x04F0      	IORWF      R0, 1
0x0212	0x3000      	MOVLW      0
0x0213	0x04F1      	IORWF      R0+1, 1
;__Lib_ADC_A_C.c,71 :: 		
L_end_ADC_Read:
0x0214	0x0008      	RETURN
; end of _ADC_Read
_leitura:
;TrabalhoFinalAmostra.c,109 :: 		void leitura(int valor, char canal){
;TrabalhoFinalAmostra.c,110 :: 		bufferCanal[posLida] = canal;
0x0215	0x1283      	BCF        STATUS, 5
0x0216	0x1303      	BCF        STATUS, 6
0x0217	0x086A      	MOVF       _posLida, 0
0x0218	0x3E32      	ADDLW      _bufferCanal
0x0219	0x0084      	MOVWF      FSR
0x021A	0x1703      	BSF        STATUS, 6
0x021B	0x0827      	MOVF       FARG_leitura_canal, 0
0x021C	0x0080      	MOVWF      INDF
;TrabalhoFinalAmostra.c,111 :: 		bufferLeitura[posLida] = valor;
0x021D	0x1303      	BCF        STATUS, 6
0x021E	0x086A      	MOVF       _posLida, 0
0x021F	0x00F0      	MOVWF      R0
0x0220	0x086B      	MOVF       _posLida+1, 0
0x0221	0x00F1      	MOVWF      R0+1
0x0222	0x0DF0      	RLF        R0, 1
0x0223	0x0DF1      	RLF        R0+1, 1
0x0224	0x1070      	BCF        R0, 0
0x0225	0x0870      	MOVF       R0, 0
0x0226	0x3EA0      	ADDLW      _bufferLeitura
0x0227	0x0084      	MOVWF      FSR
0x0228	0x1703      	BSF        STATUS, 6
0x0229	0x0825      	MOVF       FARG_leitura_valor, 0
0x022A	0x0080      	MOVWF      INDF
0x022B	0x0826      	MOVF       FARG_leitura_valor+1, 0
0x022C	0x0A84      	INCF       FSR, 1
0x022D	0x0080      	MOVWF      INDF
;TrabalhoFinalAmostra.c,112 :: 		posLida = posLida < buffer-1 ? ++posLida : 0;
0x022E	0x3001      	MOVLW      1
0x022F	0x1303      	BCF        STATUS, 6
0x0230	0x0230      	SUBWF      _buffer, 0
0x0231	0x00F1      	MOVWF      R1
0x0232	0x3000      	MOVLW      0
0x0233	0x1C03      	BTFSS      STATUS, 0
0x0234	0x3E01      	ADDLW      1
0x0235	0x0231      	SUBWF      _buffer+1, 0
0x0236	0x00F2      	MOVWF      R1+1
0x0237	0x3080      	MOVLW      128
0x0238	0x066B      	XORWF      _posLida+1, 0
0x0239	0x00F0      	MOVWF      R0
0x023A	0x3080      	MOVLW      128
0x023B	0x0672      	XORWF      R1+1, 0
0x023C	0x0270      	SUBWF      R0, 0
0x023D	0x1D03      	BTFSS      STATUS, 2
0x023E	0x2A41      	GOTO       L__leitura38
0x023F	0x0871      	MOVF       R1, 0
0x0240	0x026A      	SUBWF      _posLida, 0
L__leitura38:
0x0241	0x1803      	BTFSC      STATUS, 0
0x0242	0x2A4B      	GOTO       L_leitura21
0x0243	0x0AEA      	INCF       _posLida, 1
0x0244	0x1903      	BTFSC      STATUS, 2
0x0245	0x0AEB      	INCF       _posLida+1, 1
0x0246	0x086A      	MOVF       _posLida, 0
0x0247	0x00F3      	MOVWF      R3
0x0248	0x086B      	MOVF       _posLida+1, 0
0x0249	0x00F4      	MOVWF      R3+1
0x024A	0x2A4D      	GOTO       L_leitura22
L_leitura21:
0x024B	0x01F3      	CLRF       R3
0x024C	0x01F4      	CLRF       R3+1
L_leitura22:
0x024D	0x0873      	MOVF       R3, 0
0x024E	0x00EA      	MOVWF      _posLida
0x024F	0x0874      	MOVF       R3+1, 0
0x0250	0x00EB      	MOVWF      _posLida+1
;TrabalhoFinalAmostra.c,113 :: 		if(posLida == 0){
0x0251	0x3000      	MOVLW      0
0x0252	0x0674      	XORWF      R3+1, 0
0x0253	0x1D03      	BTFSS      STATUS, 2
0x0254	0x2A57      	GOTO       L__leitura39
0x0255	0x3000      	MOVLW      0
0x0256	0x0673      	XORWF      R3, 0
L__leitura39:
0x0257	0x1D03      	BTFSS      STATUS, 2
0x0258	0x2A5D      	GOTO       L_leitura23
;TrabalhoFinalAmostra.c,114 :: 		inverso = 1;
0x0259	0x3001      	MOVLW      1
0x025A	0x00E8      	MOVWF      _inverso
0x025B	0x3000      	MOVLW      0
0x025C	0x00E9      	MOVWF      _inverso+1
;TrabalhoFinalAmostra.c,115 :: 		}
L_leitura23:
;TrabalhoFinalAmostra.c,116 :: 		}
L_end_leitura:
0x025D	0x0008      	RETURN
; end of _leitura
_main:
0x025E	0x1283      	BCF        STATUS, 5
0x025F	0x1303      	BCF        STATUS, 6
0x0260	0x01A6      	CLRF       _amos4
0x0261	0x01A7      	CLRF       39
0x0262	0x01A8      	CLRF       _amos1
0x0263	0x01A9      	CLRF       41
0x0264	0x01AA      	CLRF       _sinal
0x0265	0x01AB      	CLRF       43
0x0266	0x01AC      	CLRF       _amos3
0x0267	0x01AD      	CLRF       45
0x0268	0x01AE      	CLRF       _amos2
0x0269	0x01AF      	CLRF       47
0x026A	0x3028      	MOVLW      40
0x026B	0x00B0      	MOVWF      _buffer
0x026C	0x01B1      	CLRF       49
;TrabalhoFinalAmostra.c,53 :: 		void main() {
;TrabalhoFinalAmostra.c,54 :: 		UART1_Init(19200);               // Initialize UART module at 9600 bps
0x026D	0x3019      	MOVLW      25
0x026E	0x1683      	BSF        STATUS, 5
0x026F	0x0099      	MOVWF      SPBRG
0x0270	0x1518      	BSF        TXSTA, 2
0x0271	0x21DF      	CALL       _UART1_Init
;TrabalhoFinalAmostra.c,55 :: 		Delay_ms(100);                  // Wait for UART module to stabilize
0x0272	0x3002      	MOVLW      2
0x0273	0x00FB      	MOVWF      R11
0x0274	0x3004      	MOVLW      4
0x0275	0x00FC      	MOVWF      R12
0x0276	0x30BA      	MOVLW      186
0x0277	0x00FD      	MOVWF      R13
L_main6:
0x0278	0x0BFD      	DECFSZ     R13, 1
0x0279	0x2A78      	GOTO       L_main6
0x027A	0x0BFC      	DECFSZ     R12, 1
0x027B	0x2A78      	GOTO       L_main6
0x027C	0x0BFB      	DECFSZ     R11, 1
0x027D	0x2A78      	GOTO       L_main6
0x027E	0x0000      	NOP
;TrabalhoFinalAmostra.c,57 :: 		INTCON.GIE = 1; //habilita interrupção global;
0x027F	0x178B      	BSF        INTCON, 7
;TrabalhoFinalAmostra.c,58 :: 		INTCON.PEIE = 1; //habilita interrupção dos perifericos;
0x0280	0x170B      	BSF        INTCON, 6
;TrabalhoFinalAmostra.c,59 :: 		INTCON.TMR0IE = 1; //habilita interrupção do TMR0;
0x0281	0x168B      	BSF        INTCON, 5
;TrabalhoFinalAmostra.c,60 :: 		OPTION_REG = 0b10000110; // Modo Temporizador, prescaler 1:32 - 010;
0x0282	0x3086      	MOVLW      134
0x0283	0x1683      	BSF        STATUS, 5
0x0284	0x0081      	MOVWF      OPTION_REG
;TrabalhoFinalAmostra.c,62 :: 		TMR0 = 186;
0x0285	0x30BA      	MOVLW      186
0x0286	0x1283      	BCF        STATUS, 5
0x0287	0x0081      	MOVWF      TMR0
;TrabalhoFinalAmostra.c,69 :: 		ADCON1= 0x00;
0x0288	0x1683      	BSF        STATUS, 5
0x0289	0x019F      	CLRF       ADCON1
;TrabalhoFinalAmostra.c,70 :: 		TRISA = 0xFF;
0x028A	0x30FF      	MOVLW      255
0x028B	0x0085      	MOVWF      TRISA
;TrabalhoFinalAmostra.c,71 :: 		PORTA = 0x00;
0x028C	0x1283      	BCF        STATUS, 5
0x028D	0x0185      	CLRF       PORTA
;TrabalhoFinalAmostra.c,73 :: 		ADC_Init();
0x028E	0x21C1      	CALL       _ADC_Init
;TrabalhoFinalAmostra.c,75 :: 		posEscrita = 0;
0x028F	0x01E6      	CLRF       _posEscrita
0x0290	0x01E7      	CLRF       _posEscrita+1
;TrabalhoFinalAmostra.c,76 :: 		posLida = 0;
0x0291	0x01EA      	CLRF       _posLida
0x0292	0x01EB      	CLRF       _posLida+1
;TrabalhoFinalAmostra.c,77 :: 		inverso = 0;
0x0293	0x01E8      	CLRF       _inverso
0x0294	0x01E9      	CLRF       _inverso+1
;TrabalhoFinalAmostra.c,80 :: 		while(1)
L_main7:
0x0295	0x1303      	BCF        STATUS, 6
;TrabalhoFinalAmostra.c,84 :: 		if(posEscrita < posLida){
0x0296	0x3080      	MOVLW      128
0x0297	0x0667      	XORWF      _posEscrita+1, 0
0x0298	0x00F0      	MOVWF      R0
0x0299	0x3080      	MOVLW      128
0x029A	0x066B      	XORWF      _posLida+1, 0
0x029B	0x0270      	SUBWF      R0, 0
0x029C	0x1D03      	BTFSS      STATUS, 2
0x029D	0x2AA0      	GOTO       L__main32
0x029E	0x086A      	MOVF       _posLida, 0
0x029F	0x0266      	SUBWF      _posEscrita, 0
L__main32:
0x02A0	0x1803      	BTFSC      STATUS, 0
0x02A1	0x2AD4      	GOTO       L_main9
;TrabalhoFinalAmostra.c,85 :: 		enviarMensagem(posEscrita);
0x02A2	0x0866      	MOVF       _posEscrita, 0
0x02A3	0x1703      	BSF        STATUS, 6
0x02A4	0x0095      	MOVWF      FARG_enviarMensagem_pos
0x02A5	0x1303      	BCF        STATUS, 6
0x02A6	0x0867      	MOVF       _posEscrita+1, 0
0x02A7	0x1703      	BSF        STATUS, 6
0x02A8	0x0096      	MOVWF      FARG_enviarMensagem_pos+1
0x02A9	0x2197      	CALL       _enviarMensagem
;TrabalhoFinalAmostra.c,86 :: 		posEscrita = posEscrita < buffer-1 ? ++posEscrita : 0;
0x02AA	0x3001      	MOVLW      1
0x02AB	0x0230      	SUBWF      _buffer, 0
0x02AC	0x00F1      	MOVWF      R1
0x02AD	0x3000      	MOVLW      0
0x02AE	0x1C03      	BTFSS      STATUS, 0
0x02AF	0x3E01      	ADDLW      1
0x02B0	0x0231      	SUBWF      _buffer+1, 0
0x02B1	0x00F2      	MOVWF      R1+1
0x02B2	0x3080      	MOVLW      128
0x02B3	0x0667      	XORWF      _posEscrita+1, 0
0x02B4	0x00F0      	MOVWF      R0
0x02B5	0x3080      	MOVLW      128
0x02B6	0x0672      	XORWF      R1+1, 0
0x02B7	0x0270      	SUBWF      R0, 0
0x02B8	0x1D03      	BTFSS      STATUS, 2
0x02B9	0x2ABC      	GOTO       L__main33
0x02BA	0x0871      	MOVF       R1, 0
0x02BB	0x0266      	SUBWF      _posEscrita, 0
L__main33:
0x02BC	0x1803      	BTFSC      STATUS, 0
0x02BD	0x2AC9      	GOTO       L_main10
0x02BE	0x0AE6      	INCF       _posEscrita, 1
0x02BF	0x1903      	BTFSC      STATUS, 2
0x02C0	0x0AE7      	INCF       _posEscrita+1, 1
0x02C1	0x0866      	MOVF       _posEscrita, 0
0x02C2	0x1703      	BSF        STATUS, 6
0x02C3	0x0091      	MOVWF      ?FLOC___mainT21
0x02C4	0x1303      	BCF        STATUS, 6
0x02C5	0x0867      	MOVF       _posEscrita+1, 0
0x02C6	0x1703      	BSF        STATUS, 6
0x02C7	0x0092      	MOVWF      ?FLOC___mainT21+1
0x02C8	0x2ACC      	GOTO       L_main11
L_main10:
0x02C9	0x1703      	BSF        STATUS, 6
0x02CA	0x0191      	CLRF       ?FLOC___mainT21
0x02CB	0x0192      	CLRF       ?FLOC___mainT21+1
L_main11:
0x02CC	0x0811      	MOVF       ?FLOC___mainT21, 0
0x02CD	0x1303      	BCF        STATUS, 6
0x02CE	0x00E6      	MOVWF      _posEscrita
0x02CF	0x1703      	BSF        STATUS, 6
0x02D0	0x0812      	MOVF       ?FLOC___mainT21+1, 0
0x02D1	0x1303      	BCF        STATUS, 6
0x02D2	0x00E7      	MOVWF      _posEscrita+1
;TrabalhoFinalAmostra.c,88 :: 		} else{
0x02D3	0x2B32      	GOTO       L_main12
L_main9:
;TrabalhoFinalAmostra.c,89 :: 		if(posEscrita > posLida && inverso){
0x02D4	0x3080      	MOVLW      128
0x02D5	0x066B      	XORWF      _posLida+1, 0
0x02D6	0x00F0      	MOVWF      R0
0x02D7	0x3080      	MOVLW      128
0x02D8	0x0667      	XORWF      _posEscrita+1, 0
0x02D9	0x0270      	SUBWF      R0, 0
0x02DA	0x1D03      	BTFSS      STATUS, 2
0x02DB	0x2ADE      	GOTO       L__main34
0x02DC	0x0866      	MOVF       _posEscrita, 0
0x02DD	0x026A      	SUBWF      _posLida, 0
L__main34:
0x02DE	0x1803      	BTFSC      STATUS, 0
0x02DF	0x2B22      	GOTO       L_main15
0x02E0	0x0868      	MOVF       _inverso, 0
0x02E1	0x0469      	IORWF      _inverso+1, 0
0x02E2	0x1903      	BTFSC      STATUS, 2
0x02E3	0x2B22      	GOTO       L_main15
L__main24:
;TrabalhoFinalAmostra.c,91 :: 		enviarMensagem(posEscrita);
0x02E4	0x0866      	MOVF       _posEscrita, 0
0x02E5	0x1703      	BSF        STATUS, 6
0x02E6	0x0095      	MOVWF      FARG_enviarMensagem_pos
0x02E7	0x1303      	BCF        STATUS, 6
0x02E8	0x0867      	MOVF       _posEscrita+1, 0
0x02E9	0x1703      	BSF        STATUS, 6
0x02EA	0x0096      	MOVWF      FARG_enviarMensagem_pos+1
0x02EB	0x2197      	CALL       _enviarMensagem
;TrabalhoFinalAmostra.c,92 :: 		posEscrita = posEscrita < buffer-1 ? ++posEscrita : 0;
0x02EC	0x3001      	MOVLW      1
0x02ED	0x0230      	SUBWF      _buffer, 0
0x02EE	0x00F1      	MOVWF      R1
0x02EF	0x3000      	MOVLW      0
0x02F0	0x1C03      	BTFSS      STATUS, 0
0x02F1	0x3E01      	ADDLW      1
0x02F2	0x0231      	SUBWF      _buffer+1, 0
0x02F3	0x00F2      	MOVWF      R1+1
0x02F4	0x3080      	MOVLW      128
0x02F5	0x0667      	XORWF      _posEscrita+1, 0
0x02F6	0x00F0      	MOVWF      R0
0x02F7	0x3080      	MOVLW      128
0x02F8	0x0672      	XORWF      R1+1, 0
0x02F9	0x0270      	SUBWF      R0, 0
0x02FA	0x1D03      	BTFSS      STATUS, 2
0x02FB	0x2AFE      	GOTO       L__main35
0x02FC	0x0871      	MOVF       R1, 0
0x02FD	0x0266      	SUBWF      _posEscrita, 0
L__main35:
0x02FE	0x1803      	BTFSC      STATUS, 0
0x02FF	0x2B0B      	GOTO       L_main16
0x0300	0x0AE6      	INCF       _posEscrita, 1
0x0301	0x1903      	BTFSC      STATUS, 2
0x0302	0x0AE7      	INCF       _posEscrita+1, 1
0x0303	0x0866      	MOVF       _posEscrita, 0
0x0304	0x1703      	BSF        STATUS, 6
0x0305	0x0093      	MOVWF      ?FLOC___mainT27
0x0306	0x1303      	BCF        STATUS, 6
0x0307	0x0867      	MOVF       _posEscrita+1, 0
0x0308	0x1703      	BSF        STATUS, 6
0x0309	0x0094      	MOVWF      ?FLOC___mainT27+1
0x030A	0x2B0E      	GOTO       L_main17
L_main16:
0x030B	0x1703      	BSF        STATUS, 6
0x030C	0x0193      	CLRF       ?FLOC___mainT27
0x030D	0x0194      	CLRF       ?FLOC___mainT27+1
L_main17:
0x030E	0x0813      	MOVF       ?FLOC___mainT27, 0
0x030F	0x1303      	BCF        STATUS, 6
0x0310	0x00E6      	MOVWF      _posEscrita
0x0311	0x1703      	BSF        STATUS, 6
0x0312	0x0814      	MOVF       ?FLOC___mainT27+1, 0
0x0313	0x1303      	BCF        STATUS, 6
0x0314	0x00E7      	MOVWF      _posEscrita+1
;TrabalhoFinalAmostra.c,93 :: 		if(posEscrita == 0){
0x0315	0x3000      	MOVLW      0
0x0316	0x1703      	BSF        STATUS, 6
0x0317	0x0614      	XORWF      ?FLOC___mainT27+1, 0
0x0318	0x1D03      	BTFSS      STATUS, 2
0x0319	0x2B1C      	GOTO       L__main36
0x031A	0x3000      	MOVLW      0
0x031B	0x0613      	XORWF      ?FLOC___mainT27, 0
L__main36:
0x031C	0x1D03      	BTFSS      STATUS, 2
0x031D	0x2B21      	GOTO       L_main18
;TrabalhoFinalAmostra.c,94 :: 		inverso = 0;
0x031E	0x1303      	BCF        STATUS, 6
0x031F	0x01E8      	CLRF       _inverso
0x0320	0x01E9      	CLRF       _inverso+1
;TrabalhoFinalAmostra.c,95 :: 		}
L_main18:
;TrabalhoFinalAmostra.c,96 :: 		} else {
0x0321	0x2B32      	GOTO       L_main19
L_main15:
;TrabalhoFinalAmostra.c,98 :: 		UART1_Write('>');
0x0322	0x303E      	MOVLW      62
0x0323	0x1703      	BSF        STATUS, 6
0x0324	0x00A0      	MOVWF      FARG_UART1_Write_data_
0x0325	0x20B9      	CALL       _UART1_Write
;TrabalhoFinalAmostra.c,99 :: 		UART1_Write('\0');
0x0326	0x1703      	BSF        STATUS, 6
0x0327	0x01A0      	CLRF       FARG_UART1_Write_data_
0x0328	0x20B9      	CALL       _UART1_Write
;TrabalhoFinalAmostra.c,100 :: 		Delay_ms(40);
0x0329	0x3068      	MOVLW      104
0x032A	0x00FC      	MOVWF      R12
0x032B	0x30E4      	MOVLW      228
0x032C	0x00FD      	MOVWF      R13
L_main20:
0x032D	0x0BFD      	DECFSZ     R13, 1
0x032E	0x2B2D      	GOTO       L_main20
0x032F	0x0BFC      	DECFSZ     R12, 1
0x0330	0x2B2D      	GOTO       L_main20
0x0331	0x0000      	NOP
;TrabalhoFinalAmostra.c,103 :: 		}
L_main19:
;TrabalhoFinalAmostra.c,104 :: 		}
L_main12:
;TrabalhoFinalAmostra.c,105 :: 		}
0x0332	0x2A95      	GOTO       L_main7
;TrabalhoFinalAmostra.c,106 :: 		}
L_end_main:
0x0333	0x2B33      	GOTO       $+0
; end of _main
Symbol List:
//** Routines locations **
//ADDRESS    SIZE    PROCEDURE
//----------------------------------------------
0x0004     [152]    _interrupt
0x009C      [29]    _Div_16x16_U
0x00B9      [12]    _UART1_Write
0x00C5      [66]    _WordToStr
0x0107       [8]    _Delay_22us
0x010F       [7]    _____DoICP
0x0116     [106]    _IntToStr
0x0180      [23]    _UART1_Write_Text
0x0197      [42]    _enviarMensagem
0x01C1      [18]    _ADC_Init
0x01D3      [12]    ___CC2DW
0x01DF      [16]    _UART1_Init
0x01EF      [38]    _ADC_Read
0x0215      [73]    _leitura
0x025E     [214]    _main
//** Variables locations ** 
//ADDRESS    SIZE    VARIABLE
//----------------------------------------------
0x0000       [1]    INDF
0x0001       [1]    TMR0
0x0002       [1]    PCL
0x0003       [1]    STATUS
0x0004       [1]    FSR
0x0005       [1]    PORTA
0x000A       [1]    PCLATH
0x000B       [1]    INTCON
0x000C       [1]    PIR1
0x0018       [1]    RCSTA
0x0019       [1]    TXREG
0x001A       [1]    RCREG
0x001E       [1]    ADRESH
0x001F       [1]    ADCON0
0x0026       [2]    _amos4
0x0028       [2]    _amos1
0x002A       [2]    _sinal
0x002C       [2]    _amos3
0x002E       [2]    _amos2
0x0030       [2]    _buffer
0x0032      [40]    _bufferCanal
0x005A      [10]    _msg
0x0064       [2]    ___DoICPAddr
0x0066       [2]    _posEscrita
0x0068       [2]    _inverso
0x006A       [2]    _posLida
0x006C       [3]    _ADC_Get_Sample_Ptr
0x006F       [1]    ___savePCLATH
0x0070       [1]    R0
0x0071       [1]    R1
0x0072       [1]    R2
0x0073       [1]    R3
0x0074       [1]    R4
0x0075       [1]    R5
0x0076       [1]    R6
0x0077       [1]    R7
0x0078       [1]    R8
0x0079       [1]    R9
0x007A       [1]    R10
0x007B       [1]    R11
0x007C       [1]    R12
0x007D       [1]    R13
0x007E       [1]    R14
0x007F       [1]    R15
0x0081       [1]    OPTION_REG
0x0085       [1]    TRISA
0x0087       [0]    TRISC6_bit
0x0087       [0]    TRISC7_bit
0x0098       [1]    TXSTA
0x0099       [1]    SPBRG
0x009E       [1]    ADRESL
0x009F       [1]    ADCON1
0x00A0      [80]    _bufferLeitura
0x0110       [1]    ___saveSTATUS
0x0111       [2]    ?FLOC___mainT21
0x0113       [2]    ?FLOC___mainT27
0x0115       [2]    FARG_enviarMensagem_pos
0x0117       [1]    FARG_UART1_Write_Text_uart_text
0x0117       [2]    FARG_IntToStr_input
0x0118       [1]    UART1_Write_Text_data__L0
0x0119       [1]    FARG_IntToStr_output
0x0119       [1]    UART1_Write_Text_counter_L0
0x011A       [2]    IntToStr_i_L0
0x011C       [2]    IntToStr_negative_L0
0x011E       [2]    IntToStr_inword_L0
0x0120       [1]    FARG_UART1_Write_data_
0x0120       [2]    FARG_WordToStr_input
0x0122       [1]    FARG_WordToStr_output
0x0123       [1]    WordToStr_len_L0
0x0124       [1]    FLOC__WordToStr
0x0125       [1]    FARG_ADC_Read_channel
0x0125       [2]    FARG_leitura_valor
0x0127       [1]    FARG_leitura_canal
//** Label List: ** 
//----------------------------------------------
  L_interrupt0
  L_interrupt1
  L_interrupt2
  L_interrupt3
  L_interrupt4
  L_interrupt5
  L_main6
  L_main7
  L_main8
  L_main9
  L_main10
  L_main11
  L_main12
  L_main13
  L_main14
  L_main15
  L_main16
  L_main17
  L_main18
  L_main19
  L_main20
  L_leitura21
  L_leitura22
  L_leitura23
  L__main24
  L_end_interrupt
  _interrupt
  L__interrupt26
  L__interrupt27
  L__interrupt28
  L__interrupt29
  L__interrupt30
  L_end_main
  _main
  L__main32
  L__main33
  L__main34
  L__main35
  L__main36
  L_end_leitura
  _leitura
  L__leitura38
  L__leitura39
  L_end_enviarMensagem
  _enviarMensagem
  L_ADC_Get_Sample0
  L_ADC_Get_Sample1
  L_ADC_Read2
  L_ADC_Read3
  L_end_ADC_Init
  _ADC_Init
  L_end_ADC_Get_Sample
  _ADC_Get_Sample
  L_end_ADC_Read
  _ADC_Read
  L_ByteToStr0
  L_ByteToStr1
  L_ByteToStr2
  L_ByteToStr3
  L_ByteToStr4
  L_ByteToStr5
  L_WordToStr6
  L_WordToStr7
  L_WordToStr8
  L_WordToStr9
  L_WordToStr10
  L_WordToStr11
  L_WordToStrWithZeros12
  L_WordToStrWithZeros13
  L_WordToStrWithZeros14
  L_WordToStrWithZeros15
  L_WordToStrWithZeros16
  L_ShortToStr17
  L_ShortToStr18
  L_ShortToStr19
  L_ShortToStr20
  L_ShortToStr21
  L_ShortToStr22
  L_IntToStr23
  L_IntToStr24
  L_IntToStr25
  L_IntToStr26
  L_IntToStr27
  L_IntToStr28
  L_IntToStrWithZeros29
  L_IntToStrWithZeros30
  L_IntToStrWithZeros31
  L_IntToStrWithZeros32
  L_IntToStrWithZeros33
  L_IntToStrWithZeros34
  L_IntToStrWithZeros35
  L_IntToStrWithZeros36
  L_IntToStrWithZeros37
  L_LongWordToStr38
  L_LongWordToStr39
  L_LongWordToStr40
  L_LongWordToStr41
  L_LongWordToStr42
  L_LongWordToStr43
  L_LongWordToStrWithZeros44
  L_LongWordToStrWithZeros45
  L_LongWordToStrWithZeros46
  L_LongWordToStrWithZeros47
  L_LongWordToStrWithZeros48
  L_LongToStr49
  L_LongToStr50
  L_LongToStr51
  L_LongToStr52
  L_LongToStr53
  L_LongToStr54
  L_LongIntToStrWithZeros55
  L_LongIntToStrWithZeros56
  L_LongIntToStrWithZeros57
  L_LongIntToStrWithZeros58
  L_LongIntToStrWithZeros59
  L_LongIntToStrWithZeros60
  L_LongIntToStrWithZeros61
  L_LongIntToStrWithZeros62
  L_LongIntToStrWithZeros63
  L_Dec2Bcd64
  L_Dec2Bcd65
  L_Rtrim66
  L_Rtrim67
  L_Rtrim68
  L_Rtrim69
  L_Ltrim70
  L_Ltrim71
  L_Ltrim72
  L_Ltrim73
  L_Ltrim74
  L_Ltrim75
  L_FloatToStr76
  L_FloatToStr77
  L_FloatToStr78
  L_FloatToStr79
  L_FloatToStr80
  L_FloatToStr81
  L_FloatToStr82
  L_FloatToStr83
  L_FloatToStr84
  L_FloatToStr85
  L_FloatToStr86
  L_FloatToStr87
  L_FloatToStr88
  L_FloatToStr89
  L_FloatToStr90
  L_FloatToStr91
  L_FloatToStr92
  L_FloatToStr93
  L_FloatToStr94
  L_FloatToStr95
  L_FloatToStr96
  L_FloatToStr97
  L__Rtrim98
  L__Ltrim99
  L__FloatToStr100
  L_end_ByteToHex
  _ByteToHex
  L_end_ShortToHex
  _ShortToHex
  L_end_WordToHex
  _WordToHex
  L_end_IntToHex
  _IntToHex
  L_end_LongWordToHex
  _LongWordToHex
  L_end_LongIntToHex
  _LongIntToHex
  L_end_ByteToStr
  _ByteToStr
  L_end_WordToStr
  _WordToStr
  L__WordToStr109
  L_end_WordToStrWithZeros
  _WordToStrWithZeros
  L__WordToStrWithZeros111
  L_end_ShortToStr
  _ShortToStr
  L__ShortToStr113
  L_end_IntToStr
  _IntToStr
  L__IntToStr115
  L__IntToStr116
  L_end_IntToStrWithZeros
  _IntToStrWithZeros
  L__IntToStrWithZeros118
  L__IntToStrWithZeros119
  L__IntToStrWithZeros120
  L_end_LongWordToStr
  _LongWordToStr
  L__LongWordToStr122
  L__LongWordToStr123
  L_end_LongWordToStrWithZeros
  _LongWordToStrWithZeros
  L__LongWordToStrWithZeros125
  L_end_LongToStr
  _LongToStr
  L__LongToStr127
  L__LongToStr128
  L_end_LongIntToStrWithZeros
  _LongIntToStrWithZeros
  L__LongIntToStrWithZeros130
  L__LongIntToStrWithZeros131
  L__LongIntToStrWithZeros132
  L_end_Dec2Bcd
  _Dec2Bcd
  L_end_Bcd2Dec
  _Bcd2Dec
  L_end_Bcd2Dec16
  _Bcd2Dec16
  L__Bcd2Dec16136
  L__Bcd2Dec16137
  L_end_Dec2Bcd16
  _Dec2Bcd16
  L__Dec2Bcd16139
  L__Dec2Bcd16140
  L_end_Rtrim
  _Rtrim
  L_end_Ltrim
  _Ltrim
  L_end_FloatToStr
  _FloatToStr
  L__FloatToStr144
  L__FloatToStr145
  L__FloatToStr146
  L__FloatToStr147
  L__FloatToStr148
  L_Div_16x16_S0
  L_Div_16x16_S1
  LOOPS3232A
  SADD22LA
  SOK22LA
  SADD22L8
  SOK22L8
  LOOPS3232B
  SADD22LB
  SOK22LB
  SADD22L16
  SOK22L16
  LOOPS3232C
  SADD22LC
  SOK22LC
  SADD22L24
  SOK22L24
  LOOPS3232D
  SADD22LD
  SOK22LD
  SOK22L
  L_Div_32x32_S6
  L_Div_32x32_S7
  L_Div_32x32_S8
  L_Div_32x32_S9
  FXD3232S
  END_ALL
  CA3232S
  C3232SX
  C3232SX1
  C3232S
  C3232S2
  C3232SX4
  C3232SOK
  C3232SX3
  C3232SX2
  avoid_comfrem
  LOOPU3232A
  UADD22LA
  UOK22LA
  UADD22L8
  UOK22L8
  LOOPU3232B
  UADD22LB
  UOK22LB
  UADD22L16
  UOK22L16
  LOOPU3232C
  UADD22LC
  UOK22LC
  UADD22L24
  UOK22L24
  LOOPU3232D
  UADD22LD
  UOK22LD
  UOK22L
  _NEXT
  _EXIT2
  _LOOP
  _EXIT1
  _IF_FIRST
  _IF_SECOND
  _INVERCE_FIRST
  _MULT
  _INBERSE_SECOND
  _EXIT
  L_end_Mul_8x8_U
  _Mul_8x8_U
  L_end_Mul_16x16_U
  _Mul_16x16_U
  L_end_Div_8x8_U
  _Div_8x8_U
  L_end_Div_16x16_U
  _Div_16x16_U
  L_end_Mul_8x8_S
  _Mul_8x8_S
  L_end_Mul_16x16_S
  _Mul_16x16_S
  L_end_Div_16x16_S_L
  _Div_16x16_S_L
  L_end_Div_16x16_S
  _Div_16x16_S
  L_end_Div_8x8_S
  _Div_8x8_S
  L_end_SDIV3232L
  _SDIV3232L
  L_end_COMFREM
  _COMFREM
  L_end_Div_32x32_S
  _Div_32x32_S
  L_end_Div_32x32_U
  _Div_32x32_U
  L_end_Mul_32x32_U
  _Mul_32x32_U
  L_end_Mul_32x32_S
  _Mul_32x32_S
  L_loopCA2AWs
  L_CA2AWend
  _CCA2AW_Loop1
  L_loopCS2Ss
  L_CS2Send
  _CCS2S_Loop1
  L_CCS2Send
  L_loopFZinSWs
  L_FZinSend
  _CC2D_Loop1
  L_end_____DoICP
  _____DoICP
  L_end_____DoIFC
  _____DoIFC
  L_end___CA2AW
  ___CA2AW
  L_end___CCA2AW
  ___CCA2AW
  L_end___CS2S
  ___CS2S
  L_end___CCS2S
  ___CCS2S
  L_end___FZinS
  ___FZinS
  L_end___CC2DW
  ___CC2DW
  L_end_Swap
  _Swap
  L_UART1_Init0
  L_UART1_Init1
  L_UART1_Read2
  L_UART1_Write3
  L_UART1_Write4
  L_UART1_Write_Text5
  L_UART1_Write_Text6
  L_UART1_Read_Text7
  L_UART1_Read_Text8
  L_UART1_Read_Text9
  L_UART1_Read_Text10
  L_UART1_Read_Text11
  L_UART1_Read_Text12
  L_UART1_Read_Text13
  L_UART1_Read_Text14
  L_UART1_Read_Text15
  L_end_UART1_Init
  _UART1_Init
  L_end_UART1_Data_Ready
  _UART1_Data_Ready
  L_end_UART1_Read
  _UART1_Read
  L_end_UART1_Tx_Idle
  _UART1_Tx_Idle
  L_end_UART1_Write
  _UART1_Write
  L_end_UART1_Write_Text
  _UART1_Write_Text
  L_end_UART1_Read_Text
  _UART1_Read_Text
  L_interrupt0
  L_interrupt1
  L_interrupt2
  L_interrupt3
  L_interrupt4
  L_interrupt5
  L_main6
  L_main7
  L_main8
  L_main9
  L_main10
  L_main11
  L_main12
  L_main13
  L_main14
  L_main15
  L_main16
  L_main17
  L_main18
  L_main19
  L_main20
  L_leitura21
  L_leitura22
  L_leitura23
  L__main24
  L_end_interrupt
  _interrupt
  L__interrupt26
  L__interrupt27
  L__interrupt28
  L__interrupt29
  L__interrupt30
  L_end_main
  _main
  L__main32
  L__main33
  L__main34
  L__main35
  L__main36
  L_end_leitura
  _leitura
  L__leitura38
  L__leitura39
  L_end_enviarMensagem
  _enviarMensagem
  L_ADC_Get_Sample0
  L_ADC_Get_Sample1
  L_ADC_Read2
  L_ADC_Read3
  L_end_ADC_Init
  _ADC_Init
  L_end_ADC_Get_Sample
  _ADC_Get_Sample
  L_end_ADC_Read
  _ADC_Read
  L_Delay_10us0
  L_Delay_22us1
  L_Delay_50us2
  L_Delay_80us3
  L_Delay_500us4
  L_Delay_5500us5
  L_Delay_1ms6
  L_Delay_5ms7
  L_Delay_8ms8
  L_Delay_10ms9
  L_Delay_100ms10
  L_Delay_1sec11
  L_boot16_Delay_5ms12
  L_Delay_Cyc13
  L_Delay_Cyc14
  L_VDelay_ms15
  L_VDelay_ms16
  L_VDelay_ms17
  L_VDelay_Advanced_ms18
  L_VDelay_Advanced_ms19
  L_VDelay_Advanced_ms20
  L_end_Get_Fosc_kHz
  _Get_Fosc_kHz
  L_end_Delay_1us
  _Delay_1us
  L_end_Delay_10us
  _Delay_10us
  L_end_Delay_22us
  _Delay_22us
  L_end_Delay_50us
  _Delay_50us
  L_end_Delay_80us
  _Delay_80us
  L_end_Delay_500us
  _Delay_500us
  L_end_Delay_5500us
  _Delay_5500us
  L_end_Delay_1ms
  _Delay_1ms
  L_end_Delay_5ms
  _Delay_5ms
  L_end_Delay_8ms
  _Delay_8ms
  L_end_Delay_10ms
  _Delay_10ms
  L_end_Delay_100ms
  _Delay_100ms
  L_end_Delay_1sec
  _Delay_1sec
  L_end_boot16_Delay_5ms
  _boot16_Delay_5ms
  L_end_Delay_Cyc
  _Delay_Cyc
  L_end_VDelay_ms
  _VDelay_ms
  L__VDelay_ms38
  L__VDelay_ms39
  L__VDelay_ms40
  L_end_VDelay_Advanced_ms
  _VDelay_Advanced_ms
  L__VDelay_Advanced_ms42
  L__VDelay_Advanced_ms43
  L__VDelay_Advanced_ms44
